<?xml version="1.0" encoding="UTF-8"?>
<testsuite xmlns:xsi="http://www.w3.org/2001/XMLSchema-instance" xsi:noNamespaceSchemaLocation="https://maven.apache.org/surefire/maven-surefire-plugin/xsd/surefire-test-report.xsd" version="3.0.2" name="br.com.ikonbrasil.bff.BffIkonBrasilApplicationTest" time="2.664" tests="1" errors="0" skipped="0" failures="0" flakes="0">
  <properties>
[...]
</properties>
  <testcase name="deveCarregarContexto" classname="br.com.ikonbrasil.bff.BffIkonBrasilApplicationTest" time="0.464">
    <system-out><![CDATA[13:41:11.419 [main] INFO org.springframework.test.context.support.AnnotationConfigContextLoaderUtils -- Could not detect default configuration classes for test class [br.com.ikonbrasil.bff.BffIkonBrasilApplicationTest]: BffIkonBrasilApplicationTest does not declare any static, non-private, non-final, nested classes annotated with @Configuration.
13:41:11.484 [main] INFO org.springframework.boot.test.context.SpringBootTestContextBootstrapper -- Found @SpringBootConfiguration br.com.ikonbrasil.bff.BffIkonBrasilApplication for test class br.com.ikonbrasil.bff.BffIkonBrasilApplicationTest
13:41:11.538 [main] INFO org.springframework.test.context.support.AnnotationConfigContextLoaderUtils -- Could not detect default configuration classes for test class [br.com.ikonbrasil.bff.BffIkonBrasilApplicationTest]: BffIkonBrasilApplicationTest does not declare any static, non-private, non-final, nested classes annotated with @Configuration.
13:41:11.539 [main] INFO org.springframework.boot.test.context.SpringBootTestContextBootstrapper -- Found @SpringBootConfiguration br.com.ikonbrasil.bff.BffIkonBrasilApplication for test class br.com.ikonbrasil.bff.BffIkonBrasilApplicationTest

  .   ____          _            __ _ _
 /\\ / ___'_ __ _ _(_)_ __  __ _ \ \ \ \
( ( )\___ | '_ | '_| | '_ \/ _` | \ \ \ \
 \\/  ___)| |_)| | | | | || (_| |  ) ) ) )
  '  |____| .__|_| |_|_| |_\__, | / / / /
 =========|_|==============|___/=/_/_/_/

 :: Spring Boot ::                (v4.0.6)

2026-07-01T13:41:11.802-03:00  INFO 54583 --- [bff-ikon-brasil] [           main] b.c.i.bff.BffIkonBrasilApplicationTest   : Starting BffIkonBrasilApplicationTest using Java 21.0.11 with PID 54583 (started by danielreis in /Users/danielreis/Documents/projetos/ikon/bff-ikon-brasil)
2026-07-01T13:41:11.803-03:00 DEBUG 54583 --- [bff-ikon-brasil] [           main] b.c.i.bff.BffIkonBrasilApplicationTest   : Running with Spring Boot v4.0.6, Spring v7.0.7
2026-07-01T13:41:11.803-03:00  INFO 54583 --- [bff-ikon-brasil] [           main] b.c.i.bff.BffIkonBrasilApplicationTest   : The following 1 profile is active: "dev"
2026-07-01T13:41:13.339-03:00  WARN 54583 --- [bff-ikon-brasil] [           main] o.s.s.c.a.web.builders.WebSecurity       : You are asking Spring Security to ignore PathPattern [/api/auth/login]. This is not recommended -- please use permitAll via HttpSecurity#authorizeHttpRequests instead.
2026-07-01T13:41:13.339-03:00  WARN 54583 --- [bff-ikon-brasil] [           main] o.s.s.c.a.web.builders.WebSecurity       : You are asking Spring Security to ignore PathPattern [/api/auth/refresh]. This is not recommended -- please use permitAll via HttpSecurity#authorizeHttpRequests instead.
2026-07-01T13:41:13.339-03:00  WARN 54583 --- [bff-ikon-brasil] [           main] o.s.s.c.a.web.builders.WebSecurity       : You are asking Spring Security to ignore PathPattern [/api/filiados/publico/**]. This is not recommended -- please use permitAll via HttpSecurity#authorizeHttpRequests instead.
2026-07-01T13:41:13.339-03:00  WARN 54583 --- [bff-ikon-brasil] [           main] o.s.s.c.a.web.builders.WebSecurity       : You are asking Spring Security to ignore PathPattern [/api/cep/**]. This is not recommended -- please use permitAll via HttpSecurity#authorizeHttpRequests instead.
2026-07-01T13:41:13.339-03:00  WARN 54583 --- [bff-ikon-brasil] [           main] o.s.s.c.a.web.builders.WebSecurity       : You are asking Spring Security to ignore PathPattern [/actuator/health]. This is not recommended -- please use permitAll via HttpSecurity#authorizeHttpRequests instead.
2026-07-01T13:41:13.340-03:00  WARN 54583 --- [bff-ikon-brasil] [           main] o.s.s.c.a.web.builders.WebSecurity       : You are asking Spring Security to ignore PathPattern [/actuator/health/**]. This is not recommended -- please use permitAll via HttpSecurity#authorizeHttpRequests instead.
2026-07-01T13:41:13.340-03:00  WARN 54583 --- [bff-ikon-brasil] [           main] o.s.s.c.a.web.builders.WebSecurity       : You are asking Spring Security to ignore PathPattern [/actuator/info]. This is not recommended -- please use permitAll via HttpSecurity#authorizeHttpRequests instead.
2026-07-01T13:41:13.340-03:00  WARN 54583 --- [bff-ikon-brasil] [           main] o.s.s.c.a.web.builders.WebSecurity       : You are asking Spring Security to ignore PathPattern [/swagger-ui.html]. This is not recommended -- please use permitAll via HttpSecurity#authorizeHttpRequests instead.
2026-07-01T13:41:13.340-03:00  WARN 54583 --- [bff-ikon-brasil] [           main] o.s.s.c.a.web.builders.WebSecurity       : You are asking Spring Security to ignore PathPattern [/swagger-ui/**]. This is not recommended -- please use permitAll via HttpSecurity#authorizeHttpRequests instead.
2026-07-01T13:41:13.340-03:00  WARN 54583 --- [bff-ikon-brasil] [           main] o.s.s.c.a.web.builders.WebSecurity       : You are asking Spring Security to ignore PathPattern [/v3/api-docs]. This is not recommended -- please use permitAll via HttpSecurity#authorizeHttpRequests instead.
2026-07-01T13:41:13.340-03:00  WARN 54583 --- [bff-ikon-brasil] [           main] o.s.s.c.a.web.builders.WebSecurity       : You are asking Spring Security to ignore PathPattern [/v3/api-docs/**]. This is not recommended -- please use permitAll via HttpSecurity#authorizeHttpRequests instead.
2026-07-01T13:41:13.379-03:00  INFO 54583 --- [bff-ikon-brasil] [           main] o.s.b.a.e.web.EndpointLinksResolver      : Exposing 3 endpoints beneath base path '/actuator'
2026-07-01T13:41:13.411-03:00  INFO 54583 --- [bff-ikon-brasil] [           main] b.c.i.bff.BffIkonBrasilApplicationTest   : Started BffIkonBrasilApplicationTest in 1.833 seconds (process running for 2.635)
2026-07-01T13:41:13.454-03:00  WARN 54583 --- [bff-ikon-brasil] [           main] o.s.core.events.SpringDocAppInitializer  : SpringDoc /v3/api-docs endpoint is enabled by default. To disable it in production, set the property 'springdoc.api-docs.enabled=false'
2026-07-01T13:41:13.454-03:00  WARN 54583 --- [bff-ikon-brasil] [           main] o.s.core.events.SpringDocAppInitializer  : SpringDoc /swagger-ui.html endpoint is enabled by default. To disable it in production, set the property 'springdoc.swagger-ui.enabled=false'
]]></system-out>
    <system-err><![CDATA[Mockito is currently self-attaching to enable the inline-mock-maker. This will no longer work in future releases of the JDK. Please add Mockito as an agent to your build as described in Mockito's documentation: https://javadoc.io/doc/org.mockito/mockito-core/latest/org.mockito/org/mockito/Mockito.html#0.3
WARNING: A Java agent has been loaded dynamically (/Users/danielreis/.m2/repository/net/bytebuddy/byte-buddy-agent/1.17.8/byte-buddy-agent-1.17.8.jar)
WARNING: If a serviceability tool is in use, please run with -XX:+EnableDynamicAgentLoading to hide this warning
WARNING: If a serviceability tool is not in use, please run with -Djdk.instrument.traceUsage for more information
WARNING: Dynamic loading of agents will be disallowed by default in a future release
]]></system-err>
  </testcase>
</testsuite>